android/app/build/intermediates/manifest_merge_blame_file/debug/processDebugMainManifest/manifest-merger-blame-debug-report.txt
1<?xml version="1.0" encoding="utf-8"?>
2<!--
3  Mochi shell app. Source lives at apps/menu/android/ to match the menu Mochi
4  app convention; the Android package is org.mochios.mochi to match the
5  user-facing "Mochi" launcher brand.
6-->
7<manifest xmlns:android="http://schemas.android.com/apk/res/android"
8    package="org.mochios.mochi"
9    android:versionCode="1"
10    android:versionName="1.0.0" >
11
12    <uses-sdk
13        android:minSdkVersion="26"
14        android:targetSdkVersion="35" />
15
16    <uses-permission android:name="android.permission.INTERNET" />
16-->src/main/AndroidManifest.xml:9:5-67
16-->src/main/AndroidManifest.xml:9:22-64
17    <uses-permission android:name="android.permission.ACCESS_NETWORK_STATE" />
17-->src/main/AndroidManifest.xml:10:5-79
17-->src/main/AndroidManifest.xml:10:22-76
18    <uses-permission android:name="android.permission.POST_NOTIFICATIONS" />
18-->src/main/AndroidManifest.xml:11:5-77
18-->src/main/AndroidManifest.xml:11:22-74
19    <uses-permission android:name="android.permission.RECEIVE_BOOT_COMPLETED" />
19-->src/main/AndroidManifest.xml:12:5-81
19-->src/main/AndroidManifest.xml:12:22-78
20    <uses-permission android:name="android.permission.FOREGROUND_SERVICE" />
20-->src/main/AndroidManifest.xml:13:5-77
20-->src/main/AndroidManifest.xml:13:22-74
21    <uses-permission android:name="android.permission.FOREGROUND_SERVICE_SPECIAL_USE" />
21-->src/main/AndroidManifest.xml:14:5-89
21-->src/main/AndroidManifest.xml:14:22-86
22    <uses-permission android:name="android.permission.QUERY_ALL_PACKAGES" />
22-->src/main/AndroidManifest.xml:15:5-17:58
22-->src/main/AndroidManifest.xml:15:22-74
23
24    <permission
24-->[androidx.core:core:1.15.0] AndroidManifest.xml:22:5-24:47
25        android:name="org.mochios.mochi.DYNAMIC_RECEIVER_NOT_EXPORTED_PERMISSION"
25-->[androidx.core:core:1.15.0] AndroidManifest.xml:23:9-81
26        android:protectionLevel="signature" />
26-->[androidx.core:core:1.15.0] AndroidManifest.xml:24:9-44
27
28    <uses-permission android:name="org.mochios.mochi.DYNAMIC_RECEIVER_NOT_EXPORTED_PERMISSION" />
28-->[androidx.core:core:1.15.0] AndroidManifest.xml:26:5-97
28-->[androidx.core:core:1.15.0] AndroidManifest.xml:26:22-94
29    <uses-permission android:name="android.permission.WAKE_LOCK" />
29-->[org.unifiedpush.android:connector:3.0.4] AndroidManifest.xml:8:5-68
29-->[org.unifiedpush.android:connector:3.0.4] AndroidManifest.xml:8:22-65
30
31    <queries>
31-->[org.unifiedpush.android:connector:3.0.4] AndroidManifest.xml:10:5-20:15
32        <intent>
32-->[org.unifiedpush.android:connector:3.0.4] AndroidManifest.xml:11:9-13:18
33            <action android:name="org.unifiedpush.android.distributor.LINK" />
33-->[org.unifiedpush.android:connector:3.0.4] AndroidManifest.xml:12:13-79
33-->[org.unifiedpush.android:connector:3.0.4] AndroidManifest.xml:12:21-76
34        </intent>
35        <intent>
35-->[org.unifiedpush.android:connector:3.0.4] AndroidManifest.xml:14:9-16:18
36            <action android:name="org.unifiedpush.android.distributor.REGISTER" />
36-->src/main/AndroidManifest.xml:52:17-87
36-->src/main/AndroidManifest.xml:52:25-84
37        </intent>
38        <intent>
38-->[org.unifiedpush.android:connector:3.0.4] AndroidManifest.xml:17:9-19:18
39            <action android:name="org.unifiedpush.android.distributor.UNREGISTER" />
39-->src/main/AndroidManifest.xml:53:17-89
39-->src/main/AndroidManifest.xml:53:25-86
40        </intent>
41    </queries>
42
43    <supports-screens
43-->[org.osmdroid:osmdroid-android:6.1.18] AndroidManifest.xml:9:5-12:40
44        android:anyDensity="true"
44-->[org.osmdroid:osmdroid-android:6.1.18] AndroidManifest.xml:10:9-34
45        android:largeScreens="true"
45-->[org.osmdroid:osmdroid-android:6.1.18] AndroidManifest.xml:11:9-36
46        android:normalScreens="true" />
46-->[org.osmdroid:osmdroid-android:6.1.18] AndroidManifest.xml:12:9-37
47
48    <uses-feature
48-->[org.osmdroid:osmdroid-android:6.1.18] AndroidManifest.xml:14:5-16:36
49        android:name="android.hardware.location.network"
49-->[org.osmdroid:osmdroid-android:6.1.18] AndroidManifest.xml:15:9-57
50        android:required="false" />
50-->[org.osmdroid:osmdroid-android:6.1.18] AndroidManifest.xml:16:9-33
51    <uses-feature
51-->[org.osmdroid:osmdroid-android:6.1.18] AndroidManifest.xml:17:5-19:36
52        android:name="android.hardware.location.gps"
52-->[org.osmdroid:osmdroid-android:6.1.18] AndroidManifest.xml:18:9-53
53        android:required="false" />
53-->[org.osmdroid:osmdroid-android:6.1.18] AndroidManifest.xml:19:9-33
54    <uses-feature
54-->[org.osmdroid:osmdroid-android:6.1.18] AndroidManifest.xml:20:5-22:36
55        android:name="android.hardware.telephony"
55-->[org.osmdroid:osmdroid-android:6.1.18] AndroidManifest.xml:21:9-50
56        android:required="false" />
56-->[org.osmdroid:osmdroid-android:6.1.18] AndroidManifest.xml:22:9-33
57    <uses-feature
57-->[org.osmdroid:osmdroid-android:6.1.18] AndroidManifest.xml:23:5-25:36
58        android:name="android.hardware.wifi"
58-->[org.osmdroid:osmdroid-android:6.1.18] AndroidManifest.xml:24:9-45
59        android:required="false" />
59-->[org.osmdroid:osmdroid-android:6.1.18] AndroidManifest.xml:25:9-33
60
61    <application
61-->src/main/AndroidManifest.xml:19:5-78:19
62        android:name="org.mochios.mochi.MochiApplication"
62-->src/main/AndroidManifest.xml:20:9-41
63        android:allowBackup="true"
63-->src/main/AndroidManifest.xml:21:9-35
64        android:appComponentFactory="androidx.core.app.CoreComponentFactory"
64-->[androidx.core:core:1.15.0] AndroidManifest.xml:28:18-86
65        android:debuggable="true"
66        android:extractNativeLibs="false"
67        android:icon="@mipmap/ic_launcher"
67-->src/main/AndroidManifest.xml:22:9-43
68        android:label="@string/app_name"
68-->src/main/AndroidManifest.xml:23:9-41
69        android:supportsRtl="true"
69-->src/main/AndroidManifest.xml:24:9-35
70        android:theme="@style/Theme.Mochi" >
70-->src/main/AndroidManifest.xml:25:9-43
71        <activity
71-->src/main/AndroidManifest.xml:27:9-36:20
72            android:name="org.mochios.mochi.MainActivity"
72-->src/main/AndroidManifest.xml:28:13-41
73            android:exported="true"
73-->src/main/AndroidManifest.xml:29:13-36
74            android:launchMode="singleTask"
74-->src/main/AndroidManifest.xml:30:13-44
75            android:theme="@style/Theme.Mochi" >
75-->src/main/AndroidManifest.xml:31:13-47
76            <intent-filter>
76-->src/main/AndroidManifest.xml:32:13-35:29
77                <action android:name="android.intent.action.MAIN" />
77-->src/main/AndroidManifest.xml:33:17-69
77-->src/main/AndroidManifest.xml:33:25-66
78
79                <category android:name="android.intent.category.LAUNCHER" />
79-->src/main/AndroidManifest.xml:34:17-77
79-->src/main/AndroidManifest.xml:34:27-74
80            </intent-filter>
81        </activity>
82
83        <!--
84          UnifiedPush distributor receiver. The class lives in lib/android
85          and is shared by every Mochi-signed app, but only this shell
86          declares it in its manifest so the system distributor picker
87          shows a single "Mochi" candidate. Per-app apps (Feeds, Chat,
88          Forums, Projects) deliberately do NOT include this receiver.
89          See claude/plans/android-notifications.md → "Manifest additions"
90          and lib/android/src/distributor/AndroidManifest.xml (template).
91        -->
92        <receiver
92-->src/main/AndroidManifest.xml:47:9-56:20
93            android:name="org.mochios.android.push.MochiDistributorReceiver"
93-->src/main/AndroidManifest.xml:48:13-77
94            android:enabled="true"
94-->src/main/AndroidManifest.xml:49:13-35
95            android:exported="true" >
95-->src/main/AndroidManifest.xml:50:13-36
96            <intent-filter>
96-->src/main/AndroidManifest.xml:51:13-55:29
97                <action android:name="org.unifiedpush.android.distributor.REGISTER" />
97-->src/main/AndroidManifest.xml:52:17-87
97-->src/main/AndroidManifest.xml:52:25-84
98                <action android:name="org.unifiedpush.android.distributor.UNREGISTER" />
98-->src/main/AndroidManifest.xml:53:17-89
98-->src/main/AndroidManifest.xml:53:25-86
99                <action android:name="org.unifiedpush.android.distributor.MESSAGE_ACK" />
99-->src/main/AndroidManifest.xml:54:17-90
99-->src/main/AndroidManifest.xml:54:25-87
100            </intent-filter>
101        </receiver>
102        <receiver
102-->src/main/AndroidManifest.xml:58:9-67:20
103            android:name="org.mochios.android.push.BootReceiver"
103-->src/main/AndroidManifest.xml:59:13-65
104            android:enabled="true"
104-->src/main/AndroidManifest.xml:60:13-35
105            android:exported="true" >
105-->src/main/AndroidManifest.xml:61:13-36
106            <intent-filter>
106-->src/main/AndroidManifest.xml:62:13-66:29
107                <action android:name="android.intent.action.BOOT_COMPLETED" />
107-->src/main/AndroidManifest.xml:63:17-79
107-->src/main/AndroidManifest.xml:63:25-76
108                <action android:name="android.intent.action.LOCKED_BOOT_COMPLETED" />
108-->src/main/AndroidManifest.xml:64:17-86
108-->src/main/AndroidManifest.xml:64:25-83
109                <action android:name="android.intent.action.QUICKBOOT_POWERON" />
109-->src/main/AndroidManifest.xml:65:17-82
109-->src/main/AndroidManifest.xml:65:25-79
110            </intent-filter>
111        </receiver>
112
113        <service
113-->src/main/AndroidManifest.xml:69:9-77:19
114            android:name="org.mochios.android.push.PushService"
114-->src/main/AndroidManifest.xml:70:13-64
115            android:enabled="true"
115-->src/main/AndroidManifest.xml:71:13-35
116            android:exported="false"
116-->src/main/AndroidManifest.xml:72:13-37
117            android:foregroundServiceType="specialUse" >
117-->src/main/AndroidManifest.xml:73:13-55
118            <property
118-->src/main/AndroidManifest.xml:74:13-76:72
119                android:name="android.app.PROPERTY_SPECIAL_USE_FGS_SUBTYPE"
119-->src/main/AndroidManifest.xml:75:17-76
120                android:value="UnifiedPush message bridge for Mochi" />
120-->src/main/AndroidManifest.xml:76:17-69
121        </service>
122        <service
122-->[androidx.credentials:credentials-play-services-auth:1.3.0] AndroidManifest.xml:24:9-32:19
123            android:name="androidx.credentials.playservices.CredentialProviderMetadataHolder"
123-->[androidx.credentials:credentials-play-services-auth:1.3.0] AndroidManifest.xml:25:13-94
124            android:enabled="true"
124-->[androidx.credentials:credentials-play-services-auth:1.3.0] AndroidManifest.xml:26:13-35
125            android:exported="false" >
125-->[androidx.credentials:credentials-play-services-auth:1.3.0] AndroidManifest.xml:27:13-37
126            <meta-data
126-->[androidx.credentials:credentials-play-services-auth:1.3.0] AndroidManifest.xml:29:13-31:104
127                android:name="androidx.credentials.CREDENTIAL_PROVIDER_KEY"
127-->[androidx.credentials:credentials-play-services-auth:1.3.0] AndroidManifest.xml:30:17-76
128                android:value="androidx.credentials.playservices.CredentialProviderPlayServicesImpl" />
128-->[androidx.credentials:credentials-play-services-auth:1.3.0] AndroidManifest.xml:31:17-101
129        </service>
130
131        <activity
131-->[androidx.credentials:credentials-play-services-auth:1.3.0] AndroidManifest.xml:34:9-41:20
132            android:name="androidx.credentials.playservices.HiddenActivity"
132-->[androidx.credentials:credentials-play-services-auth:1.3.0] AndroidManifest.xml:35:13-76
133            android:configChanges="orientation|screenSize|screenLayout|keyboardHidden"
133-->[androidx.credentials:credentials-play-services-auth:1.3.0] AndroidManifest.xml:36:13-87
134            android:enabled="true"
134-->[androidx.credentials:credentials-play-services-auth:1.3.0] AndroidManifest.xml:37:13-35
135            android:exported="false"
135-->[androidx.credentials:credentials-play-services-auth:1.3.0] AndroidManifest.xml:38:13-37
136            android:fitsSystemWindows="true"
136-->[androidx.credentials:credentials-play-services-auth:1.3.0] AndroidManifest.xml:39:13-45
137            android:theme="@style/Theme.Hidden" >
137-->[androidx.credentials:credentials-play-services-auth:1.3.0] AndroidManifest.xml:40:13-48
138        </activity>
139        <activity
139-->[com.google.android.gms:play-services-auth:21.1.1] AndroidManifest.xml:23:9-27:75
140            android:name="com.google.android.gms.auth.api.signin.internal.SignInHubActivity"
140-->[com.google.android.gms:play-services-auth:21.1.1] AndroidManifest.xml:24:13-93
141            android:excludeFromRecents="true"
141-->[com.google.android.gms:play-services-auth:21.1.1] AndroidManifest.xml:25:13-46
142            android:exported="false"
142-->[com.google.android.gms:play-services-auth:21.1.1] AndroidManifest.xml:26:13-37
143            android:theme="@android:style/Theme.Translucent.NoTitleBar" />
143-->[com.google.android.gms:play-services-auth:21.1.1] AndroidManifest.xml:27:13-72
144        <!--
145            Service handling Google Sign-In user revocation. For apps that do not integrate with
146            Google Sign-In, this service will never be started.
147        -->
148        <service
148-->[com.google.android.gms:play-services-auth:21.1.1] AndroidManifest.xml:33:9-37:51
149            android:name="com.google.android.gms.auth.api.signin.RevocationBoundService"
149-->[com.google.android.gms:play-services-auth:21.1.1] AndroidManifest.xml:34:13-89
150            android:exported="true"
150-->[com.google.android.gms:play-services-auth:21.1.1] AndroidManifest.xml:35:13-36
151            android:permission="com.google.android.gms.auth.api.signin.permission.REVOCATION_NOTIFICATION"
151-->[com.google.android.gms:play-services-auth:21.1.1] AndroidManifest.xml:36:13-107
152            android:visibleToInstantApps="true" />
152-->[com.google.android.gms:play-services-auth:21.1.1] AndroidManifest.xml:37:13-48
153
154        <activity
154-->[com.google.android.gms:play-services-base:18.3.0] AndroidManifest.xml:20:9-22:45
155            android:name="com.google.android.gms.common.api.GoogleApiActivity"
155-->[com.google.android.gms:play-services-base:18.3.0] AndroidManifest.xml:20:19-85
156            android:exported="false"
156-->[com.google.android.gms:play-services-base:18.3.0] AndroidManifest.xml:22:19-43
157            android:theme="@android:style/Theme.Translucent.NoTitleBar" />
157-->[com.google.android.gms:play-services-base:18.3.0] AndroidManifest.xml:21:19-78
158
159        <meta-data
159-->[com.google.android.gms:play-services-basement:18.3.0] AndroidManifest.xml:21:9-23:69
160            android:name="com.google.android.gms.version"
160-->[com.google.android.gms:play-services-basement:18.3.0] AndroidManifest.xml:22:13-58
161            android:value="@integer/google_play_services_version" />
161-->[com.google.android.gms:play-services-basement:18.3.0] AndroidManifest.xml:23:13-66
162
163        <activity
163-->[androidx.compose.ui:ui-tooling-android:1.7.6] AndroidManifest.xml:23:9-25:39
164            android:name="androidx.compose.ui.tooling.PreviewActivity"
164-->[androidx.compose.ui:ui-tooling-android:1.7.6] AndroidManifest.xml:24:13-71
165            android:exported="true" />
165-->[androidx.compose.ui:ui-tooling-android:1.7.6] AndroidManifest.xml:25:13-36
166
167        <provider
167-->[androidx.emoji2:emoji2:1.3.0] AndroidManifest.xml:24:9-32:20
168            android:name="androidx.startup.InitializationProvider"
168-->[androidx.emoji2:emoji2:1.3.0] AndroidManifest.xml:25:13-67
169            android:authorities="org.mochios.mochi.androidx-startup"
169-->[androidx.emoji2:emoji2:1.3.0] AndroidManifest.xml:26:13-68
170            android:exported="false" >
170-->[androidx.emoji2:emoji2:1.3.0] AndroidManifest.xml:27:13-37
171            <meta-data
171-->[androidx.emoji2:emoji2:1.3.0] AndroidManifest.xml:29:13-31:52
172                android:name="androidx.emoji2.text.EmojiCompatInitializer"
172-->[androidx.emoji2:emoji2:1.3.0] AndroidManifest.xml:30:17-75
173                android:value="androidx.startup" />
173-->[androidx.emoji2:emoji2:1.3.0] AndroidManifest.xml:31:17-49
174            <meta-data
174-->[androidx.lifecycle:lifecycle-process:2.8.7] AndroidManifest.xml:29:13-31:52
175                android:name="androidx.lifecycle.ProcessLifecycleInitializer"
175-->[androidx.lifecycle:lifecycle-process:2.8.7] AndroidManifest.xml:30:17-78
176                android:value="androidx.startup" />
176-->[androidx.lifecycle:lifecycle-process:2.8.7] AndroidManifest.xml:31:17-49
177            <meta-data
177-->[androidx.profileinstaller:profileinstaller:1.4.1] AndroidManifest.xml:29:13-31:52
178                android:name="androidx.profileinstaller.ProfileInstallerInitializer"
178-->[androidx.profileinstaller:profileinstaller:1.4.1] AndroidManifest.xml:30:17-85
179                android:value="androidx.startup" />
179-->[androidx.profileinstaller:profileinstaller:1.4.1] AndroidManifest.xml:31:17-49
180        </provider>
181
182        <service
182-->[org.unifiedpush.android:connector:3.0.4] AndroidManifest.xml:23:9-30:19
183            android:name="org.unifiedpush.android.connector.internal.RaiseToForegroundService"
183-->[org.unifiedpush.android:connector:3.0.4] AndroidManifest.xml:24:13-95
184            android:exported="true" >
184-->[org.unifiedpush.android:connector:3.0.4] AndroidManifest.xml:25:13-36
185            <intent-filter>
185-->[org.unifiedpush.android:connector:3.0.4] AndroidManifest.xml:27:13-29:29
186                <action android:name="org.unifiedpush.android.connector.RAISE_TO_FOREGROUND" />
186-->[org.unifiedpush.android:connector:3.0.4] AndroidManifest.xml:28:17-96
186-->[org.unifiedpush.android:connector:3.0.4] AndroidManifest.xml:28:25-93
187            </intent-filter>
188        </service>
189
190        <activity
190-->[org.unifiedpush.android:connector:3.0.4] AndroidManifest.xml:32:9-34:86
191            android:name="org.unifiedpush.android.connector.internal.LinkActivity"
191-->[org.unifiedpush.android:connector:3.0.4] AndroidManifest.xml:33:13-83
192            android:theme="@android:style/Theme.Translucent.NoTitleBar.Fullscreen" />
192-->[org.unifiedpush.android:connector:3.0.4] AndroidManifest.xml:34:13-83
193
194        <receiver
194-->[org.unifiedpush.android:connector:3.0.4] AndroidManifest.xml:36:9-47:20
195            android:name="org.unifiedpush.android.connector.internal.MessagingReceiverImpl"
195-->[org.unifiedpush.android:connector:3.0.4] AndroidManifest.xml:37:13-92
196            android:enabled="true"
196-->[org.unifiedpush.android:connector:3.0.4] AndroidManifest.xml:38:13-35
197            android:exported="true" >
197-->[org.unifiedpush.android:connector:3.0.4] AndroidManifest.xml:39:13-36
198            <intent-filter android:priority="-500" >
198-->[org.unifiedpush.android:connector:3.0.4] AndroidManifest.xml:41:13-46:29
198-->[org.unifiedpush.android:connector:3.0.4] AndroidManifest.xml:41:28-51
199                <action android:name="org.unifiedpush.android.connector.MESSAGE" />
199-->[org.unifiedpush.android:connector:3.0.4] AndroidManifest.xml:42:17-84
199-->[org.unifiedpush.android:connector:3.0.4] AndroidManifest.xml:42:25-81
200                <action android:name="org.unifiedpush.android.connector.UNREGISTERED" />
200-->[org.unifiedpush.android:connector:3.0.4] AndroidManifest.xml:43:17-89
200-->[org.unifiedpush.android:connector:3.0.4] AndroidManifest.xml:43:25-86
201                <action android:name="org.unifiedpush.android.connector.NEW_ENDPOINT" />
201-->[org.unifiedpush.android:connector:3.0.4] AndroidManifest.xml:44:17-89
201-->[org.unifiedpush.android:connector:3.0.4] AndroidManifest.xml:44:25-86
202                <action android:name="org.unifiedpush.android.connector.REGISTRATION_FAILED" />
202-->[org.unifiedpush.android:connector:3.0.4] AndroidManifest.xml:45:17-96
202-->[org.unifiedpush.android:connector:3.0.4] AndroidManifest.xml:45:25-93
203            </intent-filter>
204        </receiver>
205        <receiver
205-->[androidx.profileinstaller:profileinstaller:1.4.1] AndroidManifest.xml:34:9-52:20
206            android:name="androidx.profileinstaller.ProfileInstallReceiver"
206-->[androidx.profileinstaller:profileinstaller:1.4.1] AndroidManifest.xml:35:13-76
207            android:directBootAware="false"
207-->[androidx.profileinstaller:profileinstaller:1.4.1] AndroidManifest.xml:36:13-44
208            android:enabled="true"
208-->[androidx.profileinstaller:profileinstaller:1.4.1] AndroidManifest.xml:37:13-35
209            android:exported="true"
209-->[androidx.profileinstaller:profileinstaller:1.4.1] AndroidManifest.xml:38:13-36
210            android:permission="android.permission.DUMP" >
210-->[androidx.profileinstaller:profileinstaller:1.4.1] AndroidManifest.xml:39:13-57
211            <intent-filter>
211-->[androidx.profileinstaller:profileinstaller:1.4.1] AndroidManifest.xml:40:13-42:29
212                <action android:name="androidx.profileinstaller.action.INSTALL_PROFILE" />
212-->[androidx.profileinstaller:profileinstaller:1.4.1] AndroidManifest.xml:41:17-91
212-->[androidx.profileinstaller:profileinstaller:1.4.1] AndroidManifest.xml:41:25-88
213            </intent-filter>
214            <intent-filter>
214-->[androidx.profileinstaller:profileinstaller:1.4.1] AndroidManifest.xml:43:13-45:29
215                <action android:name="androidx.profileinstaller.action.SKIP_FILE" />
215-->[androidx.profileinstaller:profileinstaller:1.4.1] AndroidManifest.xml:44:17-85
215-->[androidx.profileinstaller:profileinstaller:1.4.1] AndroidManifest.xml:44:25-82
216            </intent-filter>
217            <intent-filter>
217-->[androidx.profileinstaller:profileinstaller:1.4.1] AndroidManifest.xml:46:13-48:29
218                <action android:name="androidx.profileinstaller.action.SAVE_PROFILE" />
218-->[androidx.profileinstaller:profileinstaller:1.4.1] AndroidManifest.xml:47:17-88
218-->[androidx.profileinstaller:profileinstaller:1.4.1] AndroidManifest.xml:47:25-85
219            </intent-filter>
220            <intent-filter>
220-->[androidx.profileinstaller:profileinstaller:1.4.1] AndroidManifest.xml:49:13-51:29
221                <action android:name="androidx.profileinstaller.action.BENCHMARK_OPERATION" />
221-->[androidx.profileinstaller:profileinstaller:1.4.1] AndroidManifest.xml:50:17-95
221-->[androidx.profileinstaller:profileinstaller:1.4.1] AndroidManifest.xml:50:25-92
222            </intent-filter>
223        </receiver>
224    </application>
225
226</manifest>